Arguments: 
  /usr/local/bin/node /Users/dhanasekarapandiansrinivasan/.yarn/bin/yarn.js install

PATH: 
  /Users/dhanasekarapandiansrinivasan/.yarn/bin:/Users/dhanasekarapandiansrinivasan/.config/yarn/global/node_modules/.bin:/usr/local/bin:/usr/bin:/bin:/usr/sbin:/sbin:/usr/local/share/dotnet:/opt/X11/bin:~/.dotnet/tools:/Library/Apple/usr/bin:/Library/Frameworks/Mono.framework/Versions/Current/Commands:/Applications/Xamarin Workbooks.app/Contents/SharedSupport/path-bin:/usr/local/mariadb/mariadb-10.1.43-osx10.13-x86_64/bin

Yarn version: 
  1.21.1

Node version: 
  11.10.1

Platform: 
  darwin x64

Trace: 
  SyntaxError: /Users/dhanasekarapandiansrinivasan/Development/cezerin2/cezerin2-store/package.json: Unexpected token < in JSON at position 1565
      at JSON.parse (<anonymous>)
      at /Users/dhanasekarapandiansrinivasan/.yarn/lib/cli.js:1625:59
      at Generator.next (<anonymous>)
      at step (/Users/dhanasekarapandiansrinivasan/.yarn/lib/cli.js:310:30)
      at /Users/dhanasekarapandiansrinivasan/.yarn/lib/cli.js:321:13

npm manifest: 
  {
    "name": "theme",
    "version": "1.0.0",
    "description": "",
    "main": "dist/index.js",
    "author": "",
    "license": "MIT",
    "dependencies": {
      "bulma": "^0.6.2",
      "rc-slider": "^8.6.1",
      "react-image-gallery": "^0.8.7",
      "react-image-lightbox": "^4.6.0",
      "react-lazyload": "^2.3.0"
    }
  }

yarn manifest: 
  No manifest

Lockfile: 
  # THIS IS AN AUTOGENERATED FILE. DO NOT EDIT THIS FILE DIRECTLY.
  # yarn lockfile v1
  
  
  add-dom-event-listener@^1.1.0:
    version "1.1.0"
    resolved "https://registry.yarnpkg.com/add-dom-event-listener/-/add-dom-event-listener-1.1.0.tgz#6a92db3a0dd0abc254e095c0f1dc14acbbaae310"
    integrity sha512-WCxx1ixHT0GQU9hb0KI/mhgRQhnU+U3GvwY6ZvVjYq8rsihIGoaIOUbY0yMPBxLH5MDtr0kz3fisWGNcbWW7Jw==
    dependencies:
      object-assign "4.x"
  
  babel-runtime@6.x:
    version "6.26.0"
    resolved "https://registry.yarnpkg.com/babel-runtime/-/babel-runtime-6.26.0.tgz#965c7058668e82b55d7bfe04ff2337bc8b5647fe"
    integrity sha1-llxwWGaOgrVde/4E/yM3vItWR/4=
    dependencies:
      core-js "^2.4.0"
      regenerator-runtime "^0.11.0"
  
  bulma@^0.8.0:
    version "0.8.1"
    resolved "https://registry.yarnpkg.com/bulma/-/bulma-0.8.1.tgz#a5feacb703b73a87fdeae4f0d12317d62fc1d301"
    integrity sha512-Afi2zv4DKmNSYfmx55V+Mtnt8+WfR8Rs65kWArmzEuWP7vNr7dSAEDI+ORZlgOR1gueNZwpKaPdUi4ZiTNwgPA==
  
  classnames@2.x, classnames@^2.2.5, classnames@^2.2.6:
    version "2.2.6"
    resolved "https://registry.yarnpkg.com/classnames/-/classnames-2.2.6.tgz#43935bffdd291f326dad0a205309b38d00f650ce"
    integrity sha512-JR/iSQOSt+LQIWwrwEzJ9uk0xfN3mTVYMwt1Ir5mUcSN6pU+V4zQFFaJsclJbPuAUQH+yfWef6tm7l1quW3C8Q==
  
  clsx@^1.0.4:
    version "1.1.0"
    resolved "https://registry.yarnpkg.com/clsx/-/clsx-1.1.0.tgz#62937c6adfea771247c34b54d320fb99624f5702"
    integrity sha512-3avwM37fSK5oP6M5rQ9CNe99lwxhXDOeSWVPAOYF6OazUTgZCMb0yWlJpmdD74REy1gkEaFiub2ULv4fq9GUhA==
  
  component-classes@^1.2.5:
    version "1.2.6"
    resolved "https://registry.yarnpkg.com/component-classes/-/component-classes-1.2.6.tgz#c642394c3618a4d8b0b8919efccbbd930e5cd691"
    integrity sha1-xkI5TDYYpNiwuJGe/Mu9kw5c1pE=
    dependencies:
      component-indexof "0.0.3"
  
  component-indexof@0.0.3:
    version "0.0.3"
    resolved "https://registry.yarnpkg.com/component-indexof/-/component-indexof-0.0.3.tgz#11d091312239eb8f32c8f25ae9cb002ffe8d3c24"
    integrity sha1-EdCRMSI5648yyPJa6csAL/6NPCQ=
  
  core-js@^2.4.0:
    version "2.6.11"
    resolved "https://registry.yarnpkg.com/core-js/-/core-js-2.6.11.tgz#38831469f9922bded8ee21c9dc46985e0399308c"
    integrity sha512-5wjnpaT/3dV+XB4borEsnAYQchn00XSgTAWKDkEqv+K8KevjbzmofK6hfJ9TZIlpj2N0xQpazy7PiRQiWHqzWg==
  
  css-animation@^1.3.2:
    version "1.6.1"
    resolved "https://registry.yarnpkg.com/css-animation/-/css-animation-1.6.1.tgz#162064a3b0d51f958b7ff37b3d6d4de18e17039e"
    integrity sha512-/48+/BaEaHRY6kNQ2OIPzKf9A6g8WjZYjhiNDNuIVbsm5tXCGIAsHDjB4Xu1C4vXJtUWZo26O68OQkDpNBaPog==
    dependencies:
      babel-runtime "6.x"
      component-classes "^1.2.5"
  
  dom-align@^1.7.0:
    version "1.11.1"
    resolved "https://registry.yarnpkg.com/dom-align/-/dom-align-1.11.1.tgz#7592be99a660a36cdedc1d6eeb22b8109d758cae"
    integrity sha512-hN42DmUgtweBx0iBjDLO4WtKOMcK8yBmPx/fgdsgQadLuzPu/8co3oLdK5yMmeM/vnUd3yDyV6qV8/NzxBexQg==
  
  exenv@^1.2.0:
    version "1.2.2"
    resolved "https://registry.yarnpkg.com/exenv/-/exenv-1.2.2.tgz#2ae78e85d9894158670b03d47bec1f03bd91bb9d"
    integrity sha1-KueOhdmJQVhnCwPUe+wfA72Ru50=
  
  "js-tokens@^3.0.0 || ^4.0.0":
    version "4.0.0"
    resolved "https://registry.yarnpkg.com/js-tokens/-/js-tokens-4.0.0.tgz#19203fb59991df98e3a287050d4647cdeaf32499"
    integrity sha512-RdJUflcE3cUzKiMqQgsCu06FPu9UdIJO0beYbPhHN4k6apgJtifcoCtT9bcxOpYBtpD2kCM6Sbzg4CausW/PKQ==
  
  lodash.debounce@^4.0.8:
    version "4.0.8"
    resolved "https://registry.yarnpkg.com/lodash.debounce/-/lodash.debounce-4.0.8.tgz#82d79bff30a67c4005ffd5e2515300ad9ca4d7af"
    integrity sha1-gteb/zCmfEAF/9XiUVMArZyk168=
  
  lodash.isequal@^4.5.0:
    version "4.5.0"
    resolved "https://registry.yarnpkg.com/lodash.isequal/-/lodash.isequal-4.5.0.tgz#415c4478f2bcc30120c22ce10ed3226f7d3e18e0"
    integrity sha1-QVxEePK8wwEgwizhDtMib30+GOA=
  
  lodash.throttle@^4.1.1:
    version "4.1.1"
    resolved "https://registry.yarnpkg.com/lodash.throttle/-/lodash.throttle-4.1.1.tgz#c23e91b710242ac70c37f1e1cda9274cc39bf2f4"
    integrity sha1-wj6RtxAkKscMN/HhzaknTMOb8vQ=
  
  loose-envify@^1.0.0, loose-envify@^1.4.0:
    version "1.4.0"
    resolved "https://registry.yarnpkg.com/loose-envify/-/loose-envify-1.4.0.tgz#71ee51fa7be4caec1a63839f7e682d8132d30caf"
    integrity sha512-lyuxPGr/Wfhrlem2CL/UcnUc1zcqKAImBDzukY7Y5F/yQiNdko6+fRLevlw1HgMySw7f611UIY408EtxRSoK3Q==
    dependencies:
      js-tokens "^3.0.0 || ^4.0.0"
  
  object-assign@4.x, object-assign@^4.1.1:
    version "4.1.1"
    resolved "https://registry.yarnpkg.com/object-assign/-/object-assign-4.1.1.tgz#2109adc7965887cfc05cbbd442cac8bfbb360863"
    integrity sha1-IQmtx5ZYh8/AXLvUQsrIv7s2CGM=
  
  performance-now@^2.1.0:
    version "2.1.0"
    resolved "https://registry.yarnpkg.com/performance-now/-/performance-now-2.1.0.tgz#6309f4e0e5fa913ec1c69307ae364b4b377c9e7b"
    integrity sha1-Ywn04OX6kT7BxpMHrjZLSzd8nns=
  
  prop-types@15.x, prop-types@^15.5.10, prop-types@^15.5.8, prop-types@^15.6.2:
    version "15.7.2"
    resolved "https://registry.yarnpkg.com/prop-types/-/prop-types-15.7.2.tgz#52c41e75b8c87e72b9d9360e0206b99dcbffa6c5"
    integrity sha512-8QQikdH7//R2vurIJSutZ1smHYTcLpRWEOlHnzcWHmBYrOGUysKwSsrC89BCiFj3CbrfJ/nXFdJepOVrY1GCHQ==
    dependencies:
      loose-envify "^1.4.0"
      object-assign "^4.1.1"
      react-is "^16.8.1"
  
  raf@^3.4.0, raf@^3.4.1:
    version "3.4.1"
    resolved "https://registry.yarnpkg.com/raf/-/raf-3.4.1.tgz#0742e99a4a6552f445d73e3ee0328af0ff1ede39"
    integrity sha512-Sq4CW4QhwOHE8ucn6J34MqtZCeWFP2aQSmrlroYgqAV1PjStIhJXxYuTgUIfkEk7zTLjmIjLmU5q+fbD1NnOJA==
    dependencies:
      performance-now "^2.1.0"
  
  rc-align@^3.0.0-rc.0:
    version "3.0.0-rc.1"
    resolved "https://registry.yarnpkg.com/rc-align/-/rc-align-3.0.0-rc.1.tgz#32d1fac860d12bb85e9b8cafbbdef79f3f537674"
    integrity sha512-GbofumhCUb7SxP410j/fbtR2M9Zml+eoZSdaliZh6R3NhfEj5zP4jcO3HG3S9C9KIcXQQtd/cwVHkb9Y0KU7Hg==
    dependencies:
      classnames "2.x"
      dom-align "^1.7.0"
      rc-util "^4.12.0"
      resize-observer-polyfill "^1.5.1"
  
  rc-animate@^2.10.2:
    version "2.10.3"
    resolved "https://registry.yarnpkg.com/rc-animate/-/rc-animate-2.10.3.tgz#163d5e29281a4ff82d53ee7918eeeac856b756f9"
    integrity sha512-A9qQ5Y8BLlM7EhuCO3fWb/dChndlbWtY/P5QvPqBU7h4r5Q2QsvsbpTGgdYZATRDZbTRnJXXfVk9UtlyS7MBLg==
    dependencies:
      babel-runtime "6.x"
      classnames "^2.2.6"
      css-animation "^1.3.2"
      prop-types "15.x"
      raf "^3.4.0"
      rc-util "^4.15.3"
      react-lifecycles-compat "^3.0.4"
  
  rc-slider@^9.2.3:
    version "9.2.4"
    resolved "https://registry.yarnpkg.com/rc-slider/-/rc-slider-9.2.4.tgz#92e2b58c53def9921ae0fc2822727ab5785b9ed0"
    integrity sha512-wSr7vz+WtzzGqsGU2rTQ4mmLz9fkuIDMPYMYm8ygYFvxQ2Rh4uRhOWHYI0R8krNK5k1bGycckYxmQqUIvLAh3w==
    dependencies:
      babel-runtime "6.x"
      classnames "^2.2.5"
      rc-tooltip "^4.0.0"
      rc-util "^4.0.4"
      shallowequal "^1.1.0"
      warning "^4.0.3"
  
  rc-tooltip@^4.0.0:
    version "4.0.3"
    resolved "https://registry.yarnpkg.com/rc-tooltip/-/rc-tooltip-4.0.3.tgz#728b760863643ec2e85827a2e7fb28d961b3b759"
    integrity sha512-HNyBh9/fPdds0DXja8JQX0XTIHmZapB3lLzbdn74aNSxXG1KUkt+GK4X1aOTRY5X9mqm4uUKdeFrn7j273H8gw==
    dependencies:
      rc-trigger "^4.0.0"
  
  rc-trigger@^4.0.0:
    version "4.0.2"
    resolved "https://registry.yarnpkg.com/rc-trigger/-/rc-trigger-4.0.2.tgz#42fe7bdb6a5b34035e20fa9ebfad69ec948b56be"
    integrity sha512-to5S1NhK10rWHIgQpoQdwIhuDc2Ok4R4/dh5NLrDt6C+gqkohsdBCYiPk97Z+NwGhRU8N+dbf251bivX8DkzQg==
    dependencies:
      classnames "^2.2.6"
      prop-types "15.x"
      raf "^3.4.1"
      rc-align "^3.0.0-rc.0"
      rc-animate "^2.10.2"
      rc-util "^4.20.0"
  
  rc-util@^4.0.4, rc-util@^4.12.0, rc-util@^4.15.3, rc-util@^4.20.0:
    version "4.20.3"
    resolved "https://registry.yarnpkg.com/rc-util/-/rc-util-4.20.3.tgz#c4d4ee6171cf685dc75572752a764310325888d3"
    integrity sha512-NBBc9Ad5yGAVTp4jV+pD7tXQGqHxGM2onPSZFyVoJ5fuvRF+ZgzSjZ6RXLPE0pVVISRJ07h+APgLJPBcAeZQlg==
    dependencies:
      add-dom-event-listener "^1.1.0"
      prop-types "^15.5.10"
      react-is "^16.12.0"
      react-lifecycles-compat "^3.0.4"
      shallowequal "^1.1.0"
  
  react-image-gallery@^1.0.6:
    version "1.0.7"
    resolved "https://registry.yarnpkg.com/react-image-gallery/-/react-image-gallery-1.0.7.tgz#75e0d3f995d1475762f80f5a6958b4a9bb88bf97"
    integrity sha512-4M8HdzTmH13kFNXezcsL6gWT460HUUqlKoAN0XUZMFSQIXdx7eGSj7dkjQlij2UJVZ6LGpjXcEVR7YzJ1Gz9Sg==
    dependencies:
      clsx "^1.0.4"
      lodash.debounce "^4.0.8"
      lodash.isequal "^4.5.0"
      lodash.throttle "^4.1.1"
      prop-types "^15.5.8"
      react-swipeable "^5.2.0"
      resize-observer-polyfill "^1.5.0"
  
  react-image-lightbox@^5.1.1:
    version "5.1.1"
    resolved "https://registry.yarnpkg.com/react-image-lightbox/-/react-image-lightbox-5.1.1.tgz#872d1a4336b5a6410ea7909b767cf59014081004"
    integrity sha512-GprldD8AqpRb2hsOdns3sI7Xeo9hJlcybDxuli4RB+ml1J/GaFaUuRkT/7IrTLv2+4vkR74ahz2LD0HOUHI7wA==
    dependencies:
      prop-types "^15.6.2"
      react-modal "^3.8.1"
  
  react-is@^16.12.0, react-is@^16.8.1:
    version "16.13.1"
    resolved "https://registry.yarnpkg.com/react-is/-/react-is-16.13.1.tgz#789729a4dc36de2999dc156dd6c1d9c18cea56a4"
    integrity sha512-24e6ynE2H+OKt4kqsOvNd8kBpV65zoxbA4BVsEOB3ARVWQki/DHzaUoC5KuON/BiccDaCCTZBuOcfZs70kR8bQ==
  
  react-lazyload@^2.6.5:
    version "2.6.7"
    resolved "https://registry.yarnpkg.com/react-lazyload/-/react-lazyload-2.6.7.tgz#9f5df01858ca11780ecf6be39ed9b17d845e7349"
    integrity sha512-IauJMTOuO73egkBQ/brm0uVMMyxo/2LWCnnzjh7FlvxRMy4P1D5ZjZX9UBMCKRJUqJD441uT+n0hEXlfcjcm8g==
  
  react-lifecycles-compat@^3.0.0, react-lifecycles-compat@^3.0.4:
    version "3.0.4"
    resolved "https://registry.yarnpkg.com/react-lifecycles-compat/-/react-lifecycles-compat-3.0.4.tgz#4f1a273afdfc8f3488a8c516bfda78f872352362"
    integrity sha512-fBASbA6LnOU9dOU2eW7aQ8xmYBSXUIWr+UmF9b1efZBazGNO+rcXT/icdKnYm2pTwcRylVUYwW7H1PHfLekVzA==
  
  react-modal@^3.8.1:
    version "3.11.2"
    resolved "https://registry.yarnpkg.com/react-modal/-/react-modal-3.11.2.tgz#bad911976d4add31aa30dba8a41d11e21c4ac8a4"
    integrity sha512-o8gvvCOFaG1T7W6JUvsYjRjMVToLZgLIsi5kdhFIQCtHxDkA47LznX62j+l6YQkpXDbvQegsDyxe/+JJsFQN7w==
    dependencies:
      exenv "^1.2.0"
      prop-types "^15.5.10"
      react-lifecycles-compat "^3.0.0"
      warning "^4.0.3"
  
  react-swipeable@^5.2.0:
    version "5.5.1"
    resolved "https://registry.yarnpkg.com/react-swipeable/-/react-swipeable-5.5.1.tgz#48ae6182deaf62f21d4b87469b60281dbd7c4a76"
    integrity sha512-EQObuU3Qg3JdX3WxOn5reZvOSCpU4fwpUAs+NlXSN3y+qtsO2r8VGkVnOQzmByt3BSYj9EWYdUOUfi7vaMdZZw==
    dependencies:
      prop-types "^15.6.2"
  
  regenerator-runtime@^0.11.0:
    version "0.11.1"
    resolved "https://registry.yarnpkg.com/regenerator-runtime/-/regenerator-runtime-0.11.1.tgz#be05ad7f9bf7d22e056f9726cee5017fbf19e2e9"
    integrity sha512-MguG95oij0fC3QV3URf4V2SDYGJhJnJGqvIIgdECeODCT98wSWDAJ94SSuVpYQUoTcGUIL6L4yNB7j1DFFHSBg==
  
  resize-observer-polyfill@^1.5.0, resize-observer-polyfill@^1.5.1:
    version "1.5.1"
    resolved "https://registry.yarnpkg.com/resize-observer-polyfill/-/resize-observer-polyfill-1.5.1.tgz#0e9020dd3d21024458d4ebd27e23e40269810464"
    integrity sha512-LwZrotdHOo12nQuZlHEmtuXdqGoOD0OhaxopaNFxWzInpEgaLWoVuAMbTzixuosCx2nEG58ngzW3vxdWoxIgdg==
  
  shallowequal@^1.1.0:
    version "1.1.0"
    resolved "https://registry.yarnpkg.com/shallowequal/-/shallowequal-1.1.0.tgz#188d521de95b9087404fd4dcb68b13df0ae4e7f8"
    integrity sha512-y0m1JoUZSlPAjXVtPPW70aZWfIL/dSP7AFkRnniLCrK/8MDKog3TySTBmckD+RObVxH0v4Tox67+F14PdED2oQ==
  
  warning@^4.0.3:
    version "4.0.3"
    resolved "https://registry.yarnpkg.com/warning/-/warning-4.0.3.tgz#16e9e077eb8a86d6af7d64aa1e05fd85b4678ca3"
    integrity sha512-rpJyN222KWIvHJ/F53XSZv0Zl/accqHR8et1kpaMTD/fLCRxtV8iX8czMzY7sVZupTI3zcUTg8eycS2kNF9l6w==
    dependencies:
      loose-envify "^1.0.0"
